# JRE version: Java(TM) SE Runtime Environment (24.0+36) (build 24+36-3646)
# Java VM: Java HotSpot(TM) 64-Bit Server VM (24+36-3646, mixed mode, sharing, tiered, compressed oops, compressed class ptrs, g1 gc, windows-amd64)
GC Precious Log:
 CardTable entry size: 512
 Card Set container configuration: InlinePtr #cards 4 size 8 Array Of Cards #cards 32 size 80 Howl #buckets 8 coarsen threshold 7372 Howl Bitmap #cards 1024 size 144 coarsen threshold 921 Card regions per heap region 1 cards per card region 8192
 CPUs: 4 total, 4 available
 Memory: 8083M
 Large Page Support: Disabled
 NUMA Support: Disabled
 Compressed Oops: Enabled (Zero based)
 Heap Region Size: 4M
 Heap Min Capacity: 8M
 Heap Initial Capacity: 128M
 Heap Max Capacity: 8G
 Pre-touch: Disabled
 Parallel Workers: 4
 Concurrent Workers: 1
 Concurrent Refinement Workers: 4
 Periodic GC: Disabled
Heap:
 garbage-first heap   total reserved 8388608K, committed 200704K, used 154268K [0x0000000600000000, 0x0000000800000000)
  region size 4096K, 12 young (49152K), 2 survivors (8192K)
 Metaspace       used 102554K, committed 104960K, reserved 1179648K
  class space    used 11529K, committed 12672K, reserved 1048576K
GC Heap History (20 events):
Event: 199.067 GC heap before
{Heap before GC invocations=39 (full 0):
 garbage-first heap   total reserved 8388608K, committed 143360K, used 119654K [0x0000000600000000, 0x0000000800000000)
  region size 4096K, 11 young (45056K), 1 survivors (4096K)
 Metaspace       used 86303K, committed 88512K, reserved 1179648K
  class space    used 9940K, committed 10944K, reserved 1048576K
}
Event: 199.168 GC heap after
{Heap after GC invocations=40 (full 0):
 garbage-first heap   total reserved 8388608K, committed 143360K, used 85565K [0x0000000600000000, 0x0000000800000000)
  region size 4096K, 2 young (8192K), 2 survivors (8192K)
 Metaspace       used 86303K, committed 88512K, reserved 1179648K
  class space    used 9940K, committed 10944K, reserved 1048576K
}
Event: 202.815 GC heap before
{Heap before GC invocations=40 (full 0):
 garbage-first heap   total reserved 8388608K, committed 143360K, used 114237K [0x0000000600000000, 0x0000000800000000)
  region size 4096K, 10 young (40960K), 2 survivors (8192K)
 Metaspace       used 86381K, committed 88576K, reserved 1179648K
  class space    used 9943K, committed 10944K, reserved 1048576K
}
Event: 202.839 GC heap after
{Heap after GC invocations=41 (full 0):
 garbage-first heap   total reserved 8388608K, committed 143360K, used 87260K [0x0000000600000000, 0x0000000800000000)
  region size 4096K, 2 young (8192K), 2 survivors (8192K)
 Metaspace       used 86381K, committed 88576K, reserved 1179648K
  class space    used 9943K, committed 10944K, reserved 1048576K
}
Event: 205.398 GC heap before
{Heap before GC invocations=42 (full 0):
 garbage-first heap   total reserved 8388608K, committed 159744K, used 115932K [0x0000000600000000, 0x0000000800000000)
  region size 4096K, 9 young (36864K), 2 survivors (8192K)
 Metaspace       used 86387K, committed 88576K, reserved 1179648K
  class space    used 9944K, committed 10944K, reserved 1048576K
}
Event: 205.430 GC heap after
{Heap after GC invocations=43 (full 0):
 garbage-first heap   total reserved 8388608K, committed 159744K, used 88443K [0x0000000600000000, 0x0000000800000000)
  region size 4096K, 1 young (4096K), 1 survivors (4096K)
 Metaspace       used 86387K, committed 88576K, reserved 1179648K
  class space    used 9944K, committed 10944K, reserved 1048576K
}
Event: 209.561 GC heap before
{Heap before GC invocations=43 (full 0):
 garbage-first heap   total reserved 8388608K, committed 159744K, used 141691K [0x0000000600000000, 0x0000000800000000)
  region size 4096K, 14 young (57344K), 1 survivors (4096K)
 Metaspace       used 86473K, committed 88768K, reserved 1179648K
  class space    used 9954K, committed 11008K, reserved 1048576K
}
Event: 209.575 GC heap after
{Heap after GC invocations=44 (full 0):
 garbage-first heap   total reserved 8388608K, committed 159744K, used 90826K [0x0000000600000000, 0x0000000800000000)
  region size 4096K, 2 young (8192K), 2 survivors (8192K)
 Metaspace       used 86473K, committed 88768K, reserved 1179648K
  class space    used 9954K, committed 11008K, reserved 1048576K
}
Event: 214.799 GC heap before
{Heap before GC invocations=45 (full 0):
 garbage-first heap   total reserved 8388608K, committed 159744K, used 131786K [0x0000000600000000, 0x0000000800000000)
  region size 4096K, 13 young (53248K), 2 survivors (8192K)
 Metaspace       used 87851K, committed 90112K, reserved 1179648K
  class space    used 10036K, committed 11072K, reserved 1048576K
}
Event: 214.830 GC heap after
{Heap after GC invocations=46 (full 0):
 garbage-first heap   total reserved 8388608K, committed 163840K, used 107679K [0x0000000600000000, 0x0000000800000000)
  region size 4096K, 2 young (8192K), 2 survivors (8192K)
 Metaspace       used 87851K, committed 90112K, reserved 1179648K
  class space    used 10036K, committed 11072K, reserved 1048576K
}
Event: 217.106 GC heap before
{Heap before GC invocations=46 (full 0):
 garbage-first heap   total reserved 8388608K, committed 163840K, used 140447K [0x0000000600000000, 0x0000000800000000)
  region size 4096K, 11 young (45056K), 2 survivors (8192K)
 Metaspace       used 91152K, committed 93440K, reserved 1179648K
  class space    used 10332K, committed 11392K, reserved 1048576K
}
Event: 217.119 GC heap after
{Heap after GC invocations=47 (full 0):
 garbage-first heap   total reserved 8388608K, committed 163840K, used 109629K [0x0000000600000000, 0x0000000800000000)
  region size 4096K, 1 young (4096K), 1 survivors (4096K)
 Metaspace       used 91152K, committed 93440K, reserved 1179648K
  class space    used 10332K, committed 11392K, reserved 1048576K
}
Event: 219.589 GC heap before
{Heap before GC invocations=48 (full 0):
 garbage-first heap   total reserved 8388608K, committed 192512K, used 138301K [0x0000000600000000, 0x0000000800000000)
  region size 4096K, 9 young (36864K), 1 survivors (4096K)
 Metaspace       used 92084K, committed 94336K, reserved 1179648K
  class space    used 10398K, committed 11456K, reserved 1048576K
}
Event: 219.599 GC heap after
{Heap after GC invocations=49 (full 0):
 garbage-first heap   total reserved 8388608K, committed 192512K, used 114340K [0x0000000600000000, 0x0000000800000000)
  region size 4096K, 2 young (8192K), 2 survivors (8192K)
 Metaspace       used 92084K, committed 94336K, reserved 1179648K
  class space    used 10398K, committed 11456K, reserved 1048576K
}
Event: 222.171 GC heap before
{Heap before GC invocations=49 (full 0):
 garbage-first heap   total reserved 8388608K, committed 192512K, used 163492K [0x0000000600000000, 0x0000000800000000)
  region size 4096K, 14 young (57344K), 2 survivors (8192K)
 Metaspace       used 95630K, committed 97920K, reserved 1179648K
  class space    used 10758K, committed 11776K, reserved 1048576K
}
Event: 222.186 GC heap after
{Heap after GC invocations=50 (full 0):
 garbage-first heap   total reserved 8388608K, committed 192512K, used 116459K [0x0000000600000000, 0x0000000800000000)
  region size 4096K, 1 young (4096K), 1 survivors (4096K)
 Metaspace       used 95630K, committed 97920K, reserved 1179648K
  class space    used 10758K, committed 11776K, reserved 1048576K
}
Event: 229.336 GC heap before
{Heap before GC invocations=50 (full 0):
 garbage-first heap   total reserved 8388608K, committed 192512K, used 169707K [0x0000000600000000, 0x0000000800000000)
  region size 4096K, 14 young (57344K), 1 survivors (4096K)
 Metaspace       used 99709K, committed 101952K, reserved 1179648K
  class space    used 11187K, committed 12224K, reserved 1048576K
}
Event: 229.345 GC heap after
{Heap after GC invocations=51 (full 0):
 garbage-first heap   total reserved 8388608K, committed 192512K, used 117674K [0x0000000600000000, 0x0000000800000000)
  region size 4096K, 1 young (4096K), 1 survivors (4096K)
 Metaspace       used 99709K, committed 101952K, reserved 1179648K
  class space    used 11187K, committed 12224K, reserved 1048576K
}
Event: 233.241 GC heap before
{Heap before GC invocations=52 (full 0):
 garbage-first heap   total reserved 8388608K, committed 200704K, used 170922K [0x0000000600000000, 0x0000000800000000)
  region size 4096K, 14 young (57344K), 1 survivors (4096K)
 Metaspace       used 101596K, committed 103936K, reserved 1179648K
  class space    used 11416K, committed 12480K, reserved 1048576K
}
Event: 233.257 GC heap after
{Heap after GC invocations=53 (full 0):
 garbage-first heap   total reserved 8388608K, committed 200704K, used 121500K [0x0000000600000000, 0x0000000800000000)
  region size 4096K, 2 young (8192K), 2 survivors (8192K)
 Metaspace       used 101596K, committed 103936K, reserved 1179648K
  class space    used 11416K, committed 12480K, reserved 1048576K
}

